生成启动时间为 6/29/2016 4:11:12 PM。
     1>项目“D:\我的文档\Visual Studio 2013\Projects\UAVtracker1.0\UAVtracker1.0\UAVtracker1.0.vcxproj”在节点 2 上(Build 个目标)。
     1>ClCompile:
         D:\Program Files (x86)\Microsoft Visual Studio 12.0\VC\bin\CL.exe /c /ZI /nologo /W3 /WX- /sdl /Od /Oy- /D WIN32 /D _DEBUG /D _WINDOWS /D _USRDLL /D UAVTRACKER10_EXPORTS /D _UNICODE /D UNICODE /Gm /EHsc /RTC1 /MDd /GS /fp:precise /Zc:wchar_t /Zc:forScope /Fo"Debug\\" /Fd"Debug\vc120.pdb" /Gd /TP /analyze- /errorReport:prompt FerNNClassifier.cpp TLD.cpp run_tld.cpp
         run_tld.cpp
     1>e:\opencv310_comp\build_x86\install\include\opencv2\core\mat.hpp(1965): warning C4819: 该文件包含不能在当前代码页(936)中表示的字符。请将该文件保存为 Unicode 格式以防止数据丢失
     1>e:\opencv310_comp\build_x86\install\include\opencv2\core\persistence.hpp : warning C4819: 该文件包含不能在当前代码页(936)中表示的字符。请将该文件保存为 Unicode 格式以防止数据丢失
     1>e:\opencv310_comp\build_x86\install\include\opencv2\core\utility.hpp : warning C4819: 该文件包含不能在当前代码页(936)中表示的字符。请将该文件保存为 Unicode 格式以防止数据丢失
     1>d:\我的文档\visual studio 2013\projects\uavtracker1.0\uavtracker1.0\run_tld.cpp(50): warning C4018: “<”: 有符号/无符号不匹配
     1>d:\我的文档\visual studio 2013\projects\uavtracker1.0\uavtracker1.0\run_tld.cpp(183): warning C4018: “<”: 有符号/无符号不匹配
         TLD.cpp
     1>e:\opencv310_comp\build_x86\install\include\opencv2\core\mat.hpp(1965): warning C4819: 该文件包含不能在当前代码页(936)中表示的字符。请将该文件保存为 Unicode 格式以防止数据丢失
     1>e:\opencv310_comp\build_x86\install\include\opencv2\core\persistence.hpp : warning C4819: 该文件包含不能在当前代码页(936)中表示的字符。请将该文件保存为 Unicode 格式以防止数据丢失
     1>e:\opencv310_comp\build_x86\install\include\opencv2\core\utility.hpp : warning C4819: 该文件包含不能在当前代码页(936)中表示的字符。请将该文件保存为 Unicode 格式以防止数据丢失
     1>d:\我的文档\visual studio 2013\projects\uavtracker1.0\uavtracker1.0\tld.cpp(15): warning C4305: “初始化”: 从“double”到“float”截断
     1>d:\我的文档\visual studio 2013\projects\uavtracker1.0\uavtracker1.0\tld.cpp(47): warning C4244: “=”: 从“int”转换到“float”，可能丢失数据
     1>d:\我的文档\visual studio 2013\projects\uavtracker1.0\uavtracker1.0\tld.cpp(165): warning C4244: “=”: 从“double”转换到“float”，可能丢失数据
     1>d:\我的文档\visual studio 2013\projects\uavtracker1.0\uavtracker1.0\tld.cpp(177): warning C4244: “初始化”: 从“float”转换到“int”，可能丢失数据
     1>d:\我的文档\visual studio 2013\projects\uavtracker1.0\uavtracker1.0\tld.cpp(184): warning C4244: “=”: 从“float”转换到“int”，可能丢失数据
     1>d:\我的文档\visual studio 2013\projects\uavtracker1.0\uavtracker1.0\tld.cpp(193): warning C4018: “<”: 有符号/无符号不匹配
     1>d:\我的文档\visual studio 2013\projects\uavtracker1.0\uavtracker1.0\tld.cpp(197): warning C4018: “<”: 有符号/无符号不匹配
     1>d:\我的文档\visual studio 2013\projects\uavtracker1.0\uavtracker1.0\tld.cpp(207): warning C4018: “<”: 有符号/无符号不匹配
     1>d:\我的文档\visual studio 2013\projects\uavtracker1.0\uavtracker1.0\tld.cpp(283): warning C4018: “<”: 有符号/无符号不匹配
     1>d:\我的文档\visual studio 2013\projects\uavtracker1.0\uavtracker1.0\tld.cpp(353): warning C4244: “参数”: 从“float”转换到“unsigned int”，可能丢失数据
     1>d:\我的文档\visual studio 2013\projects\uavtracker1.0\uavtracker1.0\tld.cpp(398): warning C4244: “=”: 从“double”转换到“int”，可能丢失数据
     1>d:\我的文档\visual studio 2013\projects\uavtracker1.0\uavtracker1.0\tld.cpp(399): warning C4244: “=”: 从“double”转换到“int”，可能丢失数据
     1>d:\我的文档\visual studio 2013\projects\uavtracker1.0\uavtracker1.0\tld.cpp(400): warning C4244: “=”: 从“double”转换到“int”，可能丢失数据
     1>d:\我的文档\visual studio 2013\projects\uavtracker1.0\uavtracker1.0\tld.cpp(401): warning C4244: “=”: 从“double”转换到“int”，可能丢失数据
     1>d:\我的文档\visual studio 2013\projects\uavtracker1.0\uavtracker1.0\tld.cpp(481): warning C4018: “<”: 有符号/无符号不匹配
     1>d:\我的文档\visual studio 2013\projects\uavtracker1.0\uavtracker1.0\tld.cpp(527): warning C4390: “;”: 找到空的受控语句；这是否是有意的?
     1>d:\我的文档\visual studio 2013\projects\uavtracker1.0\uavtracker1.0\tld.cpp(638): warning C4244: “初始化”: 从“double”转换到“int”，可能丢失数据
     1>d:\我的文档\visual studio 2013\projects\uavtracker1.0\uavtracker1.0\tld.cpp(639): warning C4244: “初始化”: 从“double”转换到“int”，可能丢失数据
     1>d:\我的文档\visual studio 2013\projects\uavtracker1.0\uavtracker1.0\tld.cpp(643): warning C4244: “参数”: 从“int”转换到“float”，可能丢失数据
     1>d:\我的文档\visual studio 2013\projects\uavtracker1.0\uavtracker1.0\tld.cpp(671): warning C4244: “参数”: 从“double”转换到“float”，可能丢失数据
     1>d:\我的文档\visual studio 2013\projects\uavtracker1.0\uavtracker1.0\tld.cpp(679): warning C4244: “初始化”: 从“double”转换到“float”，可能丢失数据
     1>d:\我的文档\visual studio 2013\projects\uavtracker1.0\uavtracker1.0\tld.cpp(680): warning C4244: “初始化”: 从“double”转换到“float”，可能丢失数据
     1>d:\我的文档\visual studio 2013\projects\uavtracker1.0\uavtracker1.0\tld.cpp(684): warning C4244: “=”: 从“float”转换到“int”，可能丢失数据
     1>d:\我的文档\visual studio 2013\projects\uavtracker1.0\uavtracker1.0\tld.cpp(685): warning C4244: “=”: 从“float”转换到“int”，可能丢失数据
     1>d:\我的文档\visual studio 2013\projects\uavtracker1.0\uavtracker1.0\tld.cpp(686): warning C4244: “=”: 从“float”转换到“int”，可能丢失数据
     1>d:\我的文档\visual studio 2013\projects\uavtracker1.0\uavtracker1.0\tld.cpp(687): warning C4244: “=”: 从“float”转换到“int”，可能丢失数据
     1>d:\我的文档\visual studio 2013\projects\uavtracker1.0\uavtracker1.0\tld.cpp(695): warning C4018: “<”: 有符号/无符号不匹配
     1>d:\我的文档\visual studio 2013\projects\uavtracker1.0\uavtracker1.0\tld.cpp(735): warning C4244: “初始化”: 从“float”转换到“int”，可能丢失数据
     1>d:\我的文档\visual studio 2013\projects\uavtracker1.0\uavtracker1.0\tld.cpp(736): warning C4244: “初始化”: 从“float”转换到“int”，可能丢失数据
     1>d:\我的文档\visual studio 2013\projects\uavtracker1.0\uavtracker1.0\tld.cpp(737): warning C4244: “初始化”: 从“float”转换到“int”，可能丢失数据
     1>d:\我的文档\visual studio 2013\projects\uavtracker1.0\uavtracker1.0\tld.cpp(738): warning C4244: “初始化”: 从“float”转换到“int”，可能丢失数据
     1>d:\我的文档\visual studio 2013\projects\uavtracker1.0\uavtracker1.0\tld.cpp(740): warning C4018: “<”: 有符号/无符号不匹配
     1>d:\我的文档\visual studio 2013\projects\uavtracker1.0\uavtracker1.0\tld.cpp(855): warning C4018: “<”: 有符号/无符号不匹配
     1>d:\我的文档\visual studio 2013\projects\uavtracker1.0\uavtracker1.0\tld.cpp(906): warning C4018: “<”: 有符号/无符号不匹配
     1>d:\我的文档\visual studio 2013\projects\uavtracker1.0\uavtracker1.0\tld.cpp(933): warning C4018: “<”: 有符号/无符号不匹配
     1>d:\我的文档\visual studio 2013\projects\uavtracker1.0\uavtracker1.0\tld.cpp(946): warning C4018: “<”: 有符号/无符号不匹配
     1>d:\我的文档\visual studio 2013\projects\uavtracker1.0\uavtracker1.0\tld.cpp(969): warning C4305: “初始化”: 从“double”到“const float”截断
     1>d:\我的文档\visual studio 2013\projects\uavtracker1.0\uavtracker1.0\tld.cpp(987): warning C4244: “=”: 从“float”转换到“int”，可能丢失数据
     1>d:\我的文档\visual studio 2013\projects\uavtracker1.0\uavtracker1.0\tld.cpp(988): warning C4244: “=”: 从“float”转换到“int”，可能丢失数据
     1>d:\我的文档\visual studio 2013\projects\uavtracker1.0\uavtracker1.0\tld.cpp(1014): warning C4244: “+=”: 从“float”转换到“int”，可能丢失数据
     1>d:\我的文档\visual studio 2013\projects\uavtracker1.0\uavtracker1.0\tld.cpp(1015): warning C4244: “+=”: 从“float”转换到“int”，可能丢失数据
     1>d:\我的文档\visual studio 2013\projects\uavtracker1.0\uavtracker1.0\tld.cpp(1045): warning C4244: “初始化”: 从“int”转换到“float”，可能丢失数据
     1>d:\我的文档\visual studio 2013\projects\uavtracker1.0\uavtracker1.0\tld.cpp(1046): warning C4244: “初始化”: 从“int”转换到“float”，可能丢失数据
     1>d:\我的文档\visual studio 2013\projects\uavtracker1.0\uavtracker1.0\tld.cpp(1049): warning C4244: “初始化”: 从“const int”转换到“float”，可能丢失数据
     1>d:\我的文档\visual studio 2013\projects\uavtracker1.0\uavtracker1.0\tld.cpp(1050): warning C4244: “初始化”: 从“const int”转换到“float”，可能丢失数据
     1>d:\我的文档\visual studio 2013\projects\uavtracker1.0\uavtracker1.0\tld.cpp(1058): warning C4018: “<”: 有符号/无符号不匹配
     1>d:\我的文档\visual studio 2013\projects\uavtracker1.0\uavtracker1.0\tld.cpp(1074): warning C4018: “>”: 有符号/无符号不匹配
     1>d:\我的文档\visual studio 2013\projects\uavtracker1.0\uavtracker1.0\tld.cpp(1097): warning C4018: “<”: 有符号/无符号不匹配
     1>d:\我的文档\visual studio 2013\projects\uavtracker1.0\uavtracker1.0\tld.cpp(1118): warning C4018: “>”: 有符号/无符号不匹配
     1>d:\我的文档\visual studio 2013\projects\uavtracker1.0\uavtracker1.0\tld.cpp(1141): warning C4018: “<”: 有符号/无符号不匹配
     1>d:\我的文档\visual studio 2013\projects\uavtracker1.0\uavtracker1.0\tld.cpp(1271): warning C4018: “<”: 有符号/无符号不匹配
         FerNNClassifier.cpp
     1>e:\opencv310_comp\build_x86\install\include\opencv2\core\mat.hpp(1965): warning C4819: 该文件包含不能在当前代码页(936)中表示的字符。请将该文件保存为 Unicode 格式以防止数据丢失
     1>e:\opencv310_comp\build_x86\install\include\opencv2\core\persistence.hpp : warning C4819: 该文件包含不能在当前代码页(936)中表示的字符。请将该文件保存为 Unicode 格式以防止数据丢失
     1>e:\opencv310_comp\build_x86\install\include\opencv2\core\utility.hpp : warning C4819: 该文件包含不能在当前代码页(936)中表示的字符。请将该文件保存为 Unicode 格式以防止数据丢失
     1>d:\我的文档\visual studio 2013\projects\uavtracker1.0\uavtracker1.0\fernnclassifier.cpp(43): warning C4018: “<”: 有符号/无符号不匹配
     1>d:\我的文档\visual studio 2013\projects\uavtracker1.0\uavtracker1.0\fernnclassifier.cpp(44): warning C4244: “=”: 从“float”转换到“int”，可能丢失数据
     1>d:\我的文档\visual studio 2013\projects\uavtracker1.0\uavtracker1.0\fernnclassifier.cpp(45): warning C4244: “=”: 从“float”转换到“int”，可能丢失数据
     1>d:\我的文档\visual studio 2013\projects\uavtracker1.0\uavtracker1.0\fernnclassifier.cpp(46): warning C4244: “=”: 从“float”转换到“int”，可能丢失数据
     1>d:\我的文档\visual studio 2013\projects\uavtracker1.0\uavtracker1.0\fernnclassifier.cpp(47): warning C4244: “=”: 从“float”转换到“int”，可能丢失数据
     1>d:\我的文档\visual studio 2013\projects\uavtracker1.0\uavtracker1.0\fernnclassifier.cpp(55): warning C4244: “=”: 从“double”转换到“float”，可能丢失数据
     1>d:\我的文档\visual studio 2013\projects\uavtracker1.0\uavtracker1.0\fernnclassifier.cpp(68): warning C4244: “参数”: 从“double”转换到“unsigned int”，可能丢失数据
     1>d:\我的文档\visual studio 2013\projects\uavtracker1.0\uavtracker1.0\fernnclassifier.cpp(69): warning C4244: “参数”: 从“double”转换到“unsigned int”，可能丢失数据
     1>d:\我的文档\visual studio 2013\projects\uavtracker1.0\uavtracker1.0\fernnclassifier.cpp(70): warning C4244: “参数”: 从“double”转换到“unsigned int”，可能丢失数据
     1>d:\我的文档\visual studio 2013\projects\uavtracker1.0\uavtracker1.0\fernnclassifier.cpp(135): warning C4018: “<”: 有符号/无符号不匹配
     1>d:\我的文档\visual studio 2013\projects\uavtracker1.0\uavtracker1.0\fernnclassifier.cpp(166): warning C4018: “<”: 有符号/无符号不匹配
     1>d:\我的文档\visual studio 2013\projects\uavtracker1.0\uavtracker1.0\fernnclassifier.cpp(237): warning C4244: “初始化”: 从“float”转换到“int”，可能丢失数据
     1>d:\我的文档\visual studio 2013\projects\uavtracker1.0\uavtracker1.0\fernnclassifier.cpp(238): warning C4244: “初始化”: 从“float”转换到“int”，可能丢失数据
     1>d:\我的文档\visual studio 2013\projects\uavtracker1.0\uavtracker1.0\fernnclassifier.cpp(239): warning C4244: “初始化”: 从“float”转换到“int”，可能丢失数据
     1>d:\我的文档\visual studio 2013\projects\uavtracker1.0\uavtracker1.0\fernnclassifier.cpp(246): warning C4018: “<”: 有符号/无符号不匹配
     1>d:\我的文档\visual studio 2013\projects\uavtracker1.0\uavtracker1.0\fernnclassifier.cpp(249): warning C4244: “=”: 从“double”转换到“float”，可能丢失数据
     1>d:\我的文档\visual studio 2013\projects\uavtracker1.0\uavtracker1.0\fernnclassifier.cpp(272): warning C4018: “<”: 有符号/无符号不匹配
     1>d:\我的文档\visual studio 2013\projects\uavtracker1.0\uavtracker1.0\fernnclassifier.cpp(275): warning C4018: “<”: 有符号/无符号不匹配
     1>d:\我的文档\visual studio 2013\projects\uavtracker1.0\uavtracker1.0\fernnclassifier.cpp(303): warning C4018: “<”: 有符号/无符号不匹配
     1>d:\我的文档\visual studio 2013\projects\uavtracker1.0\uavtracker1.0\fernnclassifier.cpp(305): warning C4244: “=”: 从“double”转换到“float”，可能丢失数据
     1>d:\我的文档\visual studio 2013\projects\uavtracker1.0\uavtracker1.0\fernnclassifier.cpp(367): warning C4018: “<”: 有符号/无符号不匹配
     1>d:\我的文档\visual studio 2013\projects\uavtracker1.0\uavtracker1.0\fernnclassifier.cpp(376): warning C4018: “<”: 有符号/无符号不匹配
     1>d:\我的文档\visual studio 2013\projects\uavtracker1.0\uavtracker1.0\fernnclassifier.cpp(391): warning C4018: “<”: 有符号/无符号不匹配
         正在生成代码...
       Link:
         D:\Program Files (x86)\Microsoft Visual Studio 12.0\VC\bin\link.exe /ERRORREPORT:PROMPT /OUT:"D:\我的文档\Visual Studio 2013\Projects\UAVtracker1.0\Debug\UAVtracker1.0.exe" /INCREMENTAL /NOLOGO opencv_aruco310d.lib opencv_bgsegm310d.lib opencv_bioinspired310d.lib opencv_calib3d310d.lib opencv_ccalib310d.lib opencv_core310d.lib opencv_datasets310d.lib opencv_dnn310d.lib opencv_dpm310d.lib opencv_face310d.lib opencv_features2d310d.lib opencv_flann310d.lib opencv_fuzzy310d.lib opencv_highgui310d.lib opencv_imgcodecs310d.lib opencv_imgproc310d.lib opencv_line_descriptor310d.lib opencv_ml310d.lib opencv_objdetect310d.lib opencv_optflow310d.lib opencv_photo310d.lib opencv_plot310d.lib opencv_reg310d.lib opencv_rgbd310d.lib opencv_saliency310d.lib opencv_shape310d.lib opencv_stereo310d.lib opencv_stitching310d.lib opencv_structured_light310d.lib opencv_superres310d.lib opencv_surface_matching310d.lib opencv_text310d.lib opencv_tracking310d.lib opencv_ts310d.lib opencv_video310d.lib opencv_videoio310d.lib opencv_videostab310d.lib opencv_xfeatures2d310d.lib opencv_ximgproc310d.lib opencv_xobjdetect310d.lib opencv_xphoto310d.lib kernel32.lib user32.lib gdi32.lib winspool.lib comdlg32.lib advapi32.lib shell32.lib ole32.lib oleaut32.lib uuid.lib odbc32.lib odbccp32.lib /MANIFEST /MANIFESTUAC:"level='asInvoker' uiAccess='false'" /manifest:embed /DEBUG /PDB:"D:\我的文档\Visual Studio 2013\Projects\UAVtracker1.0\Debug\UAVtracker1.0.pdb" /SUBSYSTEM:CONSOLE /TLBID:1 /DYNAMICBASE /NXCOMPAT /IMPLIB:"D:\我的文档\Visual Studio 2013\Projects\UAVtracker1.0\Debug\UAVtracker1.0.lib" /MACHINE:X86 Debug\FerNNClassifier.obj
         Debug\kalman.obj
         Debug\PatchGenerator.obj
         Debug\run_tld.obj
         Debug\TLD.obj
         Debug\tld_utils.obj
         UAVtracker1.0.vcxproj -> D:\我的文档\Visual Studio 2013\Projects\UAVtracker1.0\Debug\UAVtracker1.0.exe
     1>已完成生成项目“D:\我的文档\Visual Studio 2013\Projects\UAVtracker1.0\UAVtracker1.0\UAVtracker1.0.vcxproj”(Build 个目标)的操作。

生成成功。

已用时间 00:00:06.11
