生成启动时间为 6/29/2016 4:22:54 PM。
     1>项目“D:\我的文档\Visual Studio 2013\Projects\UAVtracker1.0\UAVTrackerdll\UAVTrackerdll.vcxproj”在节点 2 上(Rebuild 个目标)。
     1>ClCompile:
         D:\Program Files (x86)\Microsoft Visual Studio 12.0\VC\bin\CL.exe /c /Zi /nologo /W3 /WX- /sdl /O2 /Oi /Oy- /GL /D WIN32 /D NDEBUG /D _WINDOWS /D _USRDLL /D UAVTRACKERDLL_EXPORTS /D _WINDLL /D _UNICODE /D UNICODE /Gm- /EHsc /MD /GS /Gy /fp:precise /Zc:wchar_t /Zc:forScope /Fo"Release\\" /Fd"Release\vc120.pdb" /Gd /TP /analyze- /errorReport:prompt FerNNClassifier.cpp KalmanPredict.cpp PatchGenerator.cpp UAVTracker.cpp utils.cpp
         FerNNClassifier.cpp
     1>E:\opencv310_comp\build_x86\install\include\opencv2/core/mat.hpp(1965): warning C4819: 该文件包含不能在当前代码页(936)中表示的字符。请将该文件保存为 Unicode 格式以防止数据丢失
     1>E:\opencv310_comp\build_x86\install\include\opencv2/core/persistence.hpp : warning C4819: 该文件包含不能在当前代码页(936)中表示的字符。请将该文件保存为 Unicode 格式以防止数据丢失
     1>E:\opencv310_comp\build_x86\install\include\opencv2/core/utility.hpp : warning C4819: 该文件包含不能在当前代码页(936)中表示的字符。请将该文件保存为 Unicode 格式以防止数据丢失
     1>FerNNClassifier.cpp(43): warning C4018: “<”: 有符号/无符号不匹配
     1>FerNNClassifier.cpp(44): warning C4244: “=”: 从“float”转换到“int”，可能丢失数据
     1>FerNNClassifier.cpp(45): warning C4244: “=”: 从“float”转换到“int”，可能丢失数据
     1>FerNNClassifier.cpp(46): warning C4244: “=”: 从“float”转换到“int”，可能丢失数据
     1>FerNNClassifier.cpp(47): warning C4244: “=”: 从“float”转换到“int”，可能丢失数据
     1>FerNNClassifier.cpp(55): warning C4244: “=”: 从“double”转换到“float”，可能丢失数据
     1>FerNNClassifier.cpp(68): warning C4244: “参数”: 从“double”转换到“unsigned int”，可能丢失数据
     1>FerNNClassifier.cpp(69): warning C4244: “参数”: 从“double”转换到“unsigned int”，可能丢失数据
     1>FerNNClassifier.cpp(70): warning C4244: “参数”: 从“double”转换到“unsigned int”，可能丢失数据
     1>FerNNClassifier.cpp(135): warning C4018: “<”: 有符号/无符号不匹配
     1>FerNNClassifier.cpp(166): warning C4018: “<”: 有符号/无符号不匹配
     1>FerNNClassifier.cpp(237): warning C4244: “初始化”: 从“float”转换到“int”，可能丢失数据
     1>FerNNClassifier.cpp(238): warning C4244: “初始化”: 从“float”转换到“int”，可能丢失数据
     1>FerNNClassifier.cpp(239): warning C4244: “初始化”: 从“float”转换到“int”，可能丢失数据
     1>FerNNClassifier.cpp(246): warning C4018: “<”: 有符号/无符号不匹配
     1>FerNNClassifier.cpp(249): warning C4244: “=”: 从“double”转换到“float”，可能丢失数据
     1>FerNNClassifier.cpp(272): warning C4018: “<”: 有符号/无符号不匹配
     1>FerNNClassifier.cpp(275): warning C4018: “<”: 有符号/无符号不匹配
     1>FerNNClassifier.cpp(303): warning C4018: “<”: 有符号/无符号不匹配
     1>FerNNClassifier.cpp(305): warning C4244: “=”: 从“double”转换到“float”，可能丢失数据
     1>FerNNClassifier.cpp(367): warning C4018: “<”: 有符号/无符号不匹配
     1>FerNNClassifier.cpp(376): warning C4018: “<”: 有符号/无符号不匹配
     1>FerNNClassifier.cpp(391): warning C4018: “<”: 有符号/无符号不匹配
         KalmanPredict.cpp
     1>E:\opencv310_comp\build_x86\install\include\opencv2/core/mat.hpp(1965): warning C4819: 该文件包含不能在当前代码页(936)中表示的字符。请将该文件保存为 Unicode 格式以防止数据丢失
     1>E:\opencv310_comp\build_x86\install\include\opencv2/core/persistence.hpp : warning C4819: 该文件包含不能在当前代码页(936)中表示的字符。请将该文件保存为 Unicode 格式以防止数据丢失
     1>E:\opencv310_comp\build_x86\install\include\opencv2/core/utility.hpp : warning C4819: 该文件包含不能在当前代码页(936)中表示的字符。请将该文件保存为 Unicode 格式以防止数据丢失
         PatchGenerator.cpp
     1>E:\opencv310_comp\build_x86\install\include\opencv2/core/mat.hpp(1965): warning C4819: 该文件包含不能在当前代码页(936)中表示的字符。请将该文件保存为 Unicode 格式以防止数据丢失
     1>E:\opencv310_comp\build_x86\install\include\opencv2/core/persistence.hpp : warning C4819: 该文件包含不能在当前代码页(936)中表示的字符。请将该文件保存为 Unicode 格式以防止数据丢失
     1>E:\opencv310_comp\build_x86\install\include\opencv2/core/utility.hpp : warning C4819: 该文件包含不能在当前代码页(936)中表示的字符。请将该文件保存为 Unicode 格式以防止数据丢失
         UAVTracker.cpp
     1>E:\opencv310_comp\build_x86\install\include\opencv2/core/mat.hpp(1965): warning C4819: 该文件包含不能在当前代码页(936)中表示的字符。请将该文件保存为 Unicode 格式以防止数据丢失
     1>E:\opencv310_comp\build_x86\install\include\opencv2/core/persistence.hpp : warning C4819: 该文件包含不能在当前代码页(936)中表示的字符。请将该文件保存为 Unicode 格式以防止数据丢失
     1>E:\opencv310_comp\build_x86\install\include\opencv2/core/utility.hpp : warning C4819: 该文件包含不能在当前代码页(936)中表示的字符。请将该文件保存为 Unicode 格式以防止数据丢失
     1>d:\我的文档\visual studio 2013\projects\uavtracker1.0\uavtrackerdll\UAVTracker.h(56): warning C4251: “TLD::generator”: class“PatchGenerator”需要有 dll 接口由 class“TLD”的客户端使用
                 d:\我的文档\visual studio 2013\projects\uavtracker1.0\uavtrackerdll\PatchGenerator.h(5) : 参见“PatchGenerator”的声明
     1>d:\我的文档\visual studio 2013\projects\uavtracker1.0\uavtrackerdll\UAVTracker.h(57): warning C4251: “TLD::classifier”: class“FerNNClassifier”需要有 dll 接口由 class“TLD”的客户端使用
                 d:\我的文档\visual studio 2013\projects\uavtracker1.0\uavtrackerdll\FerNNClassifier.h(10) : 参见“FerNNClassifier”的声明
     1>d:\我的文档\visual studio 2013\projects\uavtracker1.0\uavtrackerdll\UAVTracker.h(90): warning C4251: “TLD::iisum”: class“cv::Mat”需要有 dll 接口由 class“TLD”的客户端使用
                 E:\opencv310_comp\build_x86\install\include\opencv2/core/mat.hpp(741) : 参见“cv::Mat”的声明
     1>d:\我的文档\visual studio 2013\projects\uavtracker1.0\uavtrackerdll\UAVTracker.h(91): warning C4251: “TLD::iisqsum”: class“cv::Mat”需要有 dll 接口由 class“TLD”的客户端使用
                 E:\opencv310_comp\build_x86\install\include\opencv2/core/mat.hpp(741) : 参见“cv::Mat”的声明
     1>d:\我的文档\visual studio 2013\projects\uavtracker1.0\uavtrackerdll\UAVTracker.h(92): warning C4251: “TLD::currentframe”: class“cv::Mat”需要有 dll 接口由 class“TLD”的客户端使用
                 E:\opencv310_comp\build_x86\install\include\opencv2/core/mat.hpp(741) : 参见“cv::Mat”的声明
     1>d:\我的文档\visual studio 2013\projects\uavtracker1.0\uavtrackerdll\UAVTracker.h(99): warning C4251: “TLD::pX”: class“std::vector<std::pair<std::vector<int,std::allocator<_Ty>>,int>,std::allocator<std::pair<std::vector<_Ty,std::allocator<_Ty>>,int>>>”需要有 dll 接口由 class“TLD”的客户端使用
                 with
                 [
                     _Ty=int
                 ]
     1>d:\我的文档\visual studio 2013\projects\uavtracker1.0\uavtrackerdll\UAVTracker.h(100): warning C4251: “TLD::nX”: class“std::vector<std::pair<std::vector<int,std::allocator<_Ty>>,int>,std::allocator<std::pair<std::vector<_Ty,std::allocator<_Ty>>,int>>>”需要有 dll 接口由 class“TLD”的客户端使用
                 with
                 [
                     _Ty=int
                 ]
     1>d:\我的文档\visual studio 2013\projects\uavtracker1.0\uavtrackerdll\UAVTracker.h(101): warning C4251: “TLD::pEx”: class“cv::Mat”需要有 dll 接口由 class“TLD”的客户端使用
                 E:\opencv310_comp\build_x86\install\include\opencv2/core/mat.hpp(741) : 参见“cv::Mat”的声明
     1>d:\我的文档\visual studio 2013\projects\uavtracker1.0\uavtrackerdll\UAVTracker.h(102): warning C4251: “TLD::nEx”: class“std::vector<cv::Mat,std::allocator<_Ty>>”需要有 dll 接口由 class“TLD”的客户端使用
                 with
                 [
                     _Ty=cv::Mat
                 ]
     1>d:\我的文档\visual studio 2013\projects\uavtracker1.0\uavtrackerdll\UAVTracker.h(105): warning C4251: “TLD::nXT”: class“std::vector<std::pair<std::vector<int,std::allocator<_Ty>>,int>,std::allocator<std::pair<std::vector<_Ty,std::allocator<_Ty>>,int>>>”需要有 dll 接口由 class“TLD”的客户端使用
                 with
                 [
                     _Ty=int
                 ]
     1>d:\我的文档\visual studio 2013\projects\uavtracker1.0\uavtrackerdll\UAVTracker.h(106): warning C4251: “TLD::nExT”: class“std::vector<cv::Mat,std::allocator<_Ty>>”需要有 dll 接口由 class“TLD”的客户端使用
                 with
                 [
                     _Ty=cv::Mat
                 ]
     1>d:\我的文档\visual studio 2013\projects\uavtracker1.0\uavtrackerdll\UAVTracker.h(109): warning C4251: “TLD::lastbox”: struct“BoundingBox”需要有 dll 接口由 class“TLD”的客户端使用
                 d:\我的文档\visual studio 2013\projects\uavtracker1.0\uavtrackerdll\UAVTracker.h(15) : 参见“BoundingBox”的声明
     1>d:\我的文档\visual studio 2013\projects\uavtracker1.0\uavtrackerdll\UAVTracker.h(116): warning C4251: “TLD::tbb”: struct“BoundingBox”需要有 dll 接口由 class“TLD”的客户端使用
                 d:\我的文档\visual studio 2013\projects\uavtracker1.0\uavtrackerdll\UAVTracker.h(15) : 参见“BoundingBox”的声明
     1>d:\我的文档\visual studio 2013\projects\uavtracker1.0\uavtrackerdll\UAVTracker.h(117): warning C4251: “TLD::kcfbox”: class“cv::Rect_<double>”需要有 dll 接口由 class“TLD”的客户端使用
     1>d:\我的文档\visual studio 2013\projects\uavtracker1.0\uavtrackerdll\UAVTracker.h(120): warning C4251: “TLD::kcf”: struct“cv::Ptr<cv::Tracker>”需要有 dll 接口由 class“TLD”的客户端使用
     1>d:\我的文档\visual studio 2013\projects\uavtracker1.0\uavtrackerdll\UAVTracker.h(124): warning C4251: “TLD::dbb”: class“std::vector<BoundingBox,std::allocator<_Ty>>”需要有 dll 接口由 class“TLD”的客户端使用
                 with
                 [
                     _Ty=BoundingBox
                 ]
     1>d:\我的文档\visual studio 2013\projects\uavtracker1.0\uavtrackerdll\UAVTracker.h(125): warning C4251: “TLD::dvalid”: class“std::vector<bool,std::allocator<_Ty>>”需要有 dll 接口由 class“TLD”的客户端使用
                 with
                 [
                     _Ty=bool
                 ]
     1>d:\我的文档\visual studio 2013\projects\uavtracker1.0\uavtrackerdll\UAVTracker.h(126): warning C4251: “TLD::dconf”: class“std::vector<float,std::allocator<_Ty>>”需要有 dll 接口由 class“TLD”的客户端使用
                 with
                 [
                     _Ty=float
                 ]
     1>d:\我的文档\visual studio 2013\projects\uavtracker1.0\uavtrackerdll\UAVTracker.h(130): warning C4251: “TLD::grid”: class“std::vector<BoundingBox,std::allocator<_Ty>>”需要有 dll 接口由 class“TLD”的客户端使用
                 with
                 [
                     _Ty=BoundingBox
                 ]
     1>d:\我的文档\visual studio 2013\projects\uavtracker1.0\uavtrackerdll\UAVTracker.h(131): warning C4251: “TLD::gridoftracker”: class“std::vector<BoundingBox,std::allocator<_Ty>>”需要有 dll 接口由 class“TLD”的客户端使用
                 with
                 [
                     _Ty=BoundingBox
                 ]
     1>d:\我的文档\visual studio 2013\projects\uavtracker1.0\uavtrackerdll\UAVTracker.h(135): warning C4251: “TLD::gridscalnum”: class“std::vector<int,std::allocator<_Ty>>”需要有 dll 接口由 class“TLD”的客户端使用
                 with
                 [
                     _Ty=int
                 ]
     1>d:\我的文档\visual studio 2013\projects\uavtracker1.0\uavtrackerdll\UAVTracker.h(136): warning C4251: “TLD::scales”: class“std::vector<cv::Size,std::allocator<_Ty>>”需要有 dll 接口由 class“TLD”的客户端使用
                 with
                 [
                     _Ty=cv::Size
                 ]
     1>d:\我的文档\visual studio 2013\projects\uavtracker1.0\uavtrackerdll\UAVTracker.h(137): warning C4251: “TLD::good_boxes”: class“std::vector<int,std::allocator<_Ty>>”需要有 dll 接口由 class“TLD”的客户端使用
                 with
                 [
                     _Ty=int
                 ]
     1>d:\我的文档\visual studio 2013\projects\uavtracker1.0\uavtrackerdll\UAVTracker.h(138): warning C4251: “TLD::bad_boxes”: class“std::vector<int,std::allocator<_Ty>>”需要有 dll 接口由 class“TLD”的客户端使用
                 with
                 [
                     _Ty=int
                 ]
     1>d:\我的文档\visual studio 2013\projects\uavtracker1.0\uavtrackerdll\UAVTracker.h(139): warning C4251: “TLD::bbhull”: struct“BoundingBox”需要有 dll 接口由 class“TLD”的客户端使用
                 d:\我的文档\visual studio 2013\projects\uavtracker1.0\uavtrackerdll\UAVTracker.h(15) : 参见“BoundingBox”的声明
     1>d:\我的文档\visual studio 2013\projects\uavtracker1.0\uavtrackerdll\UAVTracker.h(140): warning C4251: “TLD::best_box”: struct“BoundingBox”需要有 dll 接口由 class“TLD”的客户端使用
                 d:\我的文档\visual studio 2013\projects\uavtracker1.0\uavtrackerdll\UAVTracker.h(15) : 参见“BoundingBox”的声明
     1>d:\我的文档\visual studio 2013\projects\uavtracker1.0\uavtrackerdll\UAVTracker.h(142): warning C4251: “TLD::Kalman”: class“kalman”需要有 dll 接口由 class“TLD”的客户端使用
                 d:\我的文档\visual studio 2013\projects\uavtracker1.0\uavtrackerdll\KalmanPredict.h(8) : 参见“kalman”的声明
     1>d:\我的文档\visual studio 2013\projects\uavtracker1.0\uavtrackerdll\UAVTracker.h(144): warning C4251: “TLD::kalman_boxes”: class“std::vector<int,std::allocator<_Ty>>”需要有 dll 接口由 class“TLD”的客户端使用
                 with
                 [
                     _Ty=int
                 ]
     1>UAVTracker.cpp(18): warning C4305: “初始化”: 从“double”到“float”截断
     1>UAVTracker.cpp(50): warning C4244: “=”: 从“int”转换到“float”，可能丢失数据
     1>UAVTracker.cpp(168): warning C4244: “=”: 从“double”转换到“float”，可能丢失数据
     1>UAVTracker.cpp(180): warning C4244: “初始化”: 从“float”转换到“int”，可能丢失数据
     1>UAVTracker.cpp(187): warning C4244: “=”: 从“float”转换到“int”，可能丢失数据
     1>UAVTracker.cpp(196): warning C4018: “<”: 有符号/无符号不匹配
     1>UAVTracker.cpp(200): warning C4018: “<”: 有符号/无符号不匹配
     1>UAVTracker.cpp(210): warning C4018: “<”: 有符号/无符号不匹配
     1>UAVTracker.cpp(286): warning C4018: “<”: 有符号/无符号不匹配
     1>UAVTracker.cpp(356): warning C4244: “参数”: 从“float”转换到“unsigned int”，可能丢失数据
     1>UAVTracker.cpp(401): warning C4244: “=”: 从“double”转换到“int”，可能丢失数据
     1>UAVTracker.cpp(402): warning C4244: “=”: 从“double”转换到“int”，可能丢失数据
     1>UAVTracker.cpp(403): warning C4244: “=”: 从“double”转换到“int”，可能丢失数据
     1>UAVTracker.cpp(404): warning C4244: “=”: 从“double”转换到“int”，可能丢失数据
     1>UAVTracker.cpp(484): warning C4018: “<”: 有符号/无符号不匹配
     1>UAVTracker.cpp(530): warning C4390: “;”: 找到空的受控语句；这是否是有意的?
     1>UAVTracker.cpp(641): warning C4244: “初始化”: 从“double”转换到“int”，可能丢失数据
     1>UAVTracker.cpp(642): warning C4244: “初始化”: 从“double”转换到“int”，可能丢失数据
     1>UAVTracker.cpp(646): warning C4244: “参数”: 从“int”转换到“float”，可能丢失数据
     1>UAVTracker.cpp(674): warning C4244: “参数”: 从“double”转换到“float”，可能丢失数据
     1>UAVTracker.cpp(682): warning C4244: “初始化”: 从“double”转换到“float”，可能丢失数据
     1>UAVTracker.cpp(683): warning C4244: “初始化”: 从“double”转换到“float”，可能丢失数据
     1>UAVTracker.cpp(687): warning C4244: “=”: 从“float”转换到“int”，可能丢失数据
     1>UAVTracker.cpp(688): warning C4244: “=”: 从“float”转换到“int”，可能丢失数据
     1>UAVTracker.cpp(689): warning C4244: “=”: 从“float”转换到“int”，可能丢失数据
     1>UAVTracker.cpp(690): warning C4244: “=”: 从“float”转换到“int”，可能丢失数据
     1>UAVTracker.cpp(698): warning C4018: “<”: 有符号/无符号不匹配
     1>UAVTracker.cpp(738): warning C4244: “初始化”: 从“float”转换到“int”，可能丢失数据
     1>UAVTracker.cpp(739): warning C4244: “初始化”: 从“float”转换到“int”，可能丢失数据
     1>UAVTracker.cpp(740): warning C4244: “初始化”: 从“float”转换到“int”，可能丢失数据
     1>UAVTracker.cpp(741): warning C4244: “初始化”: 从“float”转换到“int”，可能丢失数据
     1>UAVTracker.cpp(743): warning C4018: “<”: 有符号/无符号不匹配
     1>UAVTracker.cpp(858): warning C4018: “<”: 有符号/无符号不匹配
     1>UAVTracker.cpp(909): warning C4018: “<”: 有符号/无符号不匹配
     1>UAVTracker.cpp(936): warning C4018: “<”: 有符号/无符号不匹配
     1>UAVTracker.cpp(949): warning C4018: “<”: 有符号/无符号不匹配
     1>UAVTracker.cpp(972): warning C4305: “初始化”: 从“double”到“const float”截断
     1>UAVTracker.cpp(990): warning C4244: “=”: 从“float”转换到“int”，可能丢失数据
     1>UAVTracker.cpp(991): warning C4244: “=”: 从“float”转换到“int”，可能丢失数据
     1>UAVTracker.cpp(1017): warning C4244: “+=”: 从“float”转换到“int”，可能丢失数据
     1>UAVTracker.cpp(1018): warning C4244: “+=”: 从“float”转换到“int”，可能丢失数据
     1>UAVTracker.cpp(1048): warning C4244: “初始化”: 从“int”转换到“float”，可能丢失数据
     1>UAVTracker.cpp(1049): warning C4244: “初始化”: 从“int”转换到“float”，可能丢失数据
     1>UAVTracker.cpp(1052): warning C4244: “初始化”: 从“const int”转换到“float”，可能丢失数据
     1>UAVTracker.cpp(1053): warning C4244: “初始化”: 从“const int”转换到“float”，可能丢失数据
     1>UAVTracker.cpp(1061): warning C4018: “<”: 有符号/无符号不匹配
     1>UAVTracker.cpp(1077): warning C4018: “>”: 有符号/无符号不匹配
     1>UAVTracker.cpp(1100): warning C4018: “<”: 有符号/无符号不匹配
     1>UAVTracker.cpp(1121): warning C4018: “>”: 有符号/无符号不匹配
     1>UAVTracker.cpp(1144): warning C4018: “<”: 有符号/无符号不匹配
     1>UAVTracker.cpp(1274): warning C4018: “<”: 有符号/无符号不匹配
         utils.cpp
     1>E:\opencv310_comp\build_x86\install\include\opencv2/core/mat.hpp(1965): warning C4819: 该文件包含不能在当前代码页(936)中表示的字符。请将该文件保存为 Unicode 格式以防止数据丢失
     1>E:\opencv310_comp\build_x86\install\include\opencv2/core/persistence.hpp : warning C4819: 该文件包含不能在当前代码页(936)中表示的字符。请将该文件保存为 Unicode 格式以防止数据丢失
     1>E:\opencv310_comp\build_x86\install\include\opencv2/core/utility.hpp : warning C4819: 该文件包含不能在当前代码页(936)中表示的字符。请将该文件保存为 Unicode 格式以防止数据丢失
     1>utils.cpp(32): warning C4244: “初始化”: 从“double”转换到“int”，可能丢失数据
       Link:
         D:\Program Files (x86)\Microsoft Visual Studio 12.0\VC\bin\link.exe /ERRORREPORT:PROMPT /OUT:"D:\我的文档\Visual Studio 2013\Projects\UAVtracker1.0\Release\UAVTracker.dll" /INCREMENTAL:NO /NOLOGO opencv_aruco310.lib opencv_bgsegm310.lib opencv_bioinspired310.lib opencv_calib3d310.lib opencv_ccalib310.lib opencv_core310.lib opencv_datasets310.lib opencv_dnn310.lib opencv_dpm310.lib opencv_face310.lib opencv_features2d310.lib opencv_flann310.lib opencv_fuzzy310.lib opencv_highgui310.lib opencv_imgcodecs310.lib opencv_imgproc310.lib opencv_line_descriptor310.lib opencv_ml310.lib opencv_objdetect310.lib opencv_optflow310.lib opencv_photo310.lib opencv_plot310.lib opencv_reg310.lib opencv_rgbd310.lib opencv_saliency310.lib opencv_shape310.lib opencv_stereo310.lib opencv_stitching310.lib opencv_structured_light310.lib opencv_superres310.lib opencv_surface_matching310.lib opencv_text310.lib opencv_tracking310.lib opencv_ts310.lib opencv_video310.lib opencv_videoio310.lib opencv_videostab310.lib opencv_xfeatures2d310.lib opencv_ximgproc310.lib opencv_xobjdetect310.lib opencv_xphoto310.lib kernel32.lib user32.lib gdi32.lib winspool.lib comdlg32.lib advapi32.lib shell32.lib ole32.lib oleaut32.lib uuid.lib odbc32.lib odbccp32.lib /MANIFEST /MANIFESTUAC:"level='asInvoker' uiAccess='false'" /manifest:embed /DEBUG /PDB:"D:\我的文档\Visual Studio 2013\Projects\UAVtracker1.0\Release\UAVTracker.pdb" /SUBSYSTEM:WINDOWS /OPT:REF /OPT:ICF /LTCG /TLBID:1 /DYNAMICBASE /NXCOMPAT /IMPLIB:"D:\我的文档\Visual Studio 2013\Projects\UAVtracker1.0\Release\UAVTracker.lib" /MACHINE:X86 /SAFESEH /DLL Release\FerNNClassifier.obj
         Release\KalmanPredict.obj
         Release\PatchGenerator.obj
         Release\UAVTracker.obj
         Release\utils.obj
            正在创建库 D:\我的文档\Visual Studio 2013\Projects\UAVtracker1.0\Release\UAVTracker.lib 和对象 D:\我的文档\Visual Studio 2013\Projects\UAVtracker1.0\Release\UAVTracker.exp
         正在生成代码
         已完成代码的生成
         UAVTrackerdll.vcxproj -> D:\我的文档\Visual Studio 2013\Projects\UAVtracker1.0\Release\UAVTracker.dll
     1>已完成生成项目“D:\我的文档\Visual Studio 2013\Projects\UAVtracker1.0\UAVTrackerdll\UAVTrackerdll.vcxproj”(Rebuild 个目标)的操作。

生成成功。

已用时间 00:00:03.99
